[debug] [2022-04-08T19:02:40.489Z] ----------------------------------------------------------------------
[debug] [2022-04-08T19:02:40.494Z] Command:       /data/data/com.termux/files/usr/bin/node /data/data/com.termux/files/usr/bin/firebase init
[debug] [2022-04-08T19:02:40.496Z] CLI Version:   10.1.0
[debug] [2022-04-08T19:02:40.496Z] Platform:      android
[debug] [2022-04-08T19:02:40.497Z] Node Version:  v17.3.1
[debug] [2022-04-08T19:02:40.498Z] Time:          Sat Apr 09 2022 00:32:40 GMT+0530 (India Standard Time)
[debug] [2022-04-08T19:02:40.499Z] ----------------------------------------------------------------------
[debug] 
[debug] [2022-04-08T19:02:40.651Z] > command requires scopes: ["email","openid","https://www.googleapis.com/auth/cloudplatformprojects.readonly","https://www.googleapis.com/auth/firebase","https://www.googleapis.com/auth/cloud-platform"]
[debug] [2022-04-08T19:02:40.653Z] > authorizing via signed-in user (u20ce053@ced.svnit.ac.in)
[info] 
     ######## #### ########  ######## ########     ###     ######  ########
     ##        ##  ##     ## ##       ##     ##  ##   ##  ##       ##
     ######    ##  ########  ######   ########  #########  ######  ######
     ##        ##  ##    ##  ##       ##     ## ##     ##       ## ##
     ##       #### ##     ## ######## ########  ##     ##  ######  ########

You're about to initialize a Firebase project in this directory:

  /data/data/com.termux/files/home/client

Before we get started, keep in mind:

  * You are initializing within an existing Firebase project directory

[info] 
=== Project Setup
[info] 
[info] First, let's associate this project directory with a Firebase project.
[info] You can create multiple project aliases by running firebase use --add, 
[info] but for now we'll just set up a default project.
[info] 
[debug] [2022-04-08T19:02:44.656Z] Using project from CLI flag: pizzaking-233c4
[debug] [2022-04-08T19:02:44.664Z] >>> [apiv2][query] GET https://firebase.googleapis.com/v1beta1/projects/pizzaking-233c4 [none]
[debug] [2022-04-08T19:02:45.460Z] <<< [apiv2][status] GET https://firebase.googleapis.com/v1beta1/projects/pizzaking-233c4 403
[debug] [2022-04-08T19:02:45.461Z] <<< [apiv2][body] GET https://firebase.googleapis.com/v1beta1/projects/pizzaking-233c4 {"error":{"code":403,"message":"The caller does not have permission","status":"PERMISSION_DENIED"}}
[debug] [2022-04-08T19:02:45.464Z] HTTP Error: 403, The caller does not have permission
[debug] [2022-04-08T19:02:45.817Z] FirebaseError: HTTP Error: 403, The caller does not have permission
    at module.exports (/data/data/com.termux/files/usr/lib/node_modules/firebase-tools/lib/responseToError.js:38:12)
    at Client.doRequest (/data/data/com.termux/files/usr/lib/node_modules/firebase-tools/lib/apiv2.js:241:23)
    at processTicksAndRejections (node:internal/process/task_queues:96:5)
    at async Client.request (/data/data/com.termux/files/usr/lib/node_modules/firebase-tools/lib/apiv2.js:96:20)
    at async getFirebaseProject (/data/data/com.termux/files/usr/lib/node_modules/firebase-tools/lib/management/projects.js:290:21)
    at async Object.doSetup [as project] (/data/data/com.termux/files/usr/lib/node_modules/firebase-tools/lib/init/features/project.js:85:27)
    at async init (/data/data/com.termux/files/usr/lib/node_modules/firebase-tools/lib/init/index.js:19:9)
[error] 
[error] Error: Failed to get Firebase project pizzaking-233c4. Please make sure the project exists and your account has permission to access it.
[debug] [2022-04-08T19:04:00.298Z] ----------------------------------------------------------------------
[debug] [2022-04-08T19:04:00.304Z] Command:       /data/data/com.termux/files/usr/bin/node /data/data/com.termux/files/usr/bin/firebase init
[debug] [2022-04-08T19:04:00.306Z] CLI Version:   10.1.0
[debug] [2022-04-08T19:04:00.306Z] Platform:      android
[debug] [2022-04-08T19:04:00.307Z] Node Version:  v17.3.1
[debug] [2022-04-08T19:04:00.341Z] Time:          Sat Apr 09 2022 00:34:00 GMT+0530 (India Standard Time)
[debug] [2022-04-08T19:04:00.343Z] ----------------------------------------------------------------------
[debug] 
[debug] [2022-04-08T19:04:00.520Z] > command requires scopes: ["email","openid","https://www.googleapis.com/auth/cloudplatformprojects.readonly","https://www.googleapis.com/auth/firebase","https://www.googleapis.com/auth/cloud-platform"]
[debug] [2022-04-08T19:04:00.521Z] > authorizing via signed-in user (u20ce053@ced.svnit.ac.in)
[info] 
     ######## #### ########  ######## ########     ###     ######  ########
     ##        ##  ##     ## ##       ##     ##  ##   ##  ##       ##
     ######    ##  ########  ######   ########  #########  ######  ######
     ##        ##  ##    ##  ##       ##     ## ##     ##       ## ##
     ##       #### ##     ## ######## ########  ##     ##  ######  ########

You're about to initialize a Firebase project in this directory:

  /data/data/com.termux/files/home/client

Before we get started, keep in mind:

  * You are initializing within an existing Firebase project directory

[info] 
=== Project Setup
[info] 
[info] First, let's associate this project directory with a Firebase project.
[info] You can create multiple project aliases by running firebase use --add, 
[info] but for now we'll just set up a default project.
[info] 
[debug] [2022-04-08T19:04:09.140Z] Using project from CLI flag: pizzaking-233c4
[debug] [2022-04-08T19:04:09.162Z] >>> [apiv2][query] GET https://firebase.googleapis.com/v1beta1/projects/pizzaking-233c4 [none]
[debug] [2022-04-08T19:04:09.861Z] <<< [apiv2][status] GET https://firebase.googleapis.com/v1beta1/projects/pizzaking-233c4 403
[debug] [2022-04-08T19:04:09.862Z] <<< [apiv2][body] GET https://firebase.googleapis.com/v1beta1/projects/pizzaking-233c4 {"error":{"code":403,"message":"The caller does not have permission","status":"PERMISSION_DENIED"}}
[debug] [2022-04-08T19:04:09.863Z] HTTP Error: 403, The caller does not have permission
[debug] [2022-04-08T19:04:10.359Z] FirebaseError: HTTP Error: 403, The caller does not have permission
    at module.exports (/data/data/com.termux/files/usr/lib/node_modules/firebase-tools/lib/responseToError.js:38:12)
    at Client.doRequest (/data/data/com.termux/files/usr/lib/node_modules/firebase-tools/lib/apiv2.js:241:23)
    at processTicksAndRejections (node:internal/process/task_queues:96:5)
    at async Client.request (/data/data/com.termux/files/usr/lib/node_modules/firebase-tools/lib/apiv2.js:96:20)
    at async getFirebaseProject (/data/data/com.termux/files/usr/lib/node_modules/firebase-tools/lib/management/projects.js:290:21)
    at async Object.doSetup [as project] (/data/data/com.termux/files/usr/lib/node_modules/firebase-tools/lib/init/features/project.js:85:27)
    at async init (/data/data/com.termux/files/usr/lib/node_modules/firebase-tools/lib/init/index.js:19:9)
[error] 
[error] Error: Failed to get Firebase project pizzaking-233c4. Please make sure the project exists and your account has permission to access it.
